This file contains any messages produced by compilers while
running configure, to aid debugging if configure makes a mistake.

It was created by GeoIP configure 1.6.2, which was
generated by GNU Autoconf 2.69.  Invocation command line was

  $ ./configure --enable-shared=no --enable-static=yes

## --------- ##
## Platform. ##
## --------- ##

hostname = elmendorf
uname -m = i686
uname -r = 3.13.6-1-pae
uname -s = Linux
uname -v = #1 SMP PREEMPT Mon Mar 24 23:04:28 MSK 2014

/usr/bin/uname -p = unknown
/bin/uname -X     = unknown

/bin/arch              = unknown
/usr/bin/arch -k       = unknown
/usr/convex/getsysinfo = unknown
/usr/bin/hostinfo      = unknown
/bin/machine           = unknown
/usr/bin/oslevel       = unknown
/bin/universe          = unknown

PATH: /usr/local/sbin
PATH: /usr/local/bin
PATH: /usr/bin
PATH: /usr/bin/core_perl


## ----------- ##
## Core tests. ##
## ----------- ##

configure:2372: checking for gcc
configure:2388: found /usr/bin/gcc
configure:2399: result: gcc
configure:2628: checking for C compiler version
configure:2637: gcc --version >&5
gcc (GCC) 4.9.1
Copyright (C) 2014 Free Software Foundation, Inc.
This is free software; see the source for copying conditions.  There is NO
warranty; not even for MERCHANTABILITY or FITNESS FOR A PARTICULAR PURPOSE.

configure:2648: $? = 0
configure:2637: gcc -v >&5
Using built-in specs.
COLLECT_GCC=gcc
COLLECT_LTO_WRAPPER=/usr/lib/gcc/i686-pc-linux-gnu/4.9.1/lto-wrapper
Target: i686-pc-linux-gnu
Configured with: /build/gcc/src/gcc-4.9.1/configure --prefix=/usr --libdir=/usr/lib --libexecdir=/usr/lib --mandir=/usr/share/man --infodir=/usr/share/info --with-bugurl=https://bugs.archlinux.org/ --enable-languages=c,c++,ada,fortran,go,lto,objc,obj-c++ --enable-shared --enable-threads=posix --with-system-zlib --enable-__cxa_atexit --disable-libunwind-exceptions --enable-clocale=gnu --disable-libstdcxx-pch --disable-libssp --enable-gnu-unique-object --enable-linker-build-id --enable-cloog-backend=isl --disable-isl-version-check --disable-cloog-version-check --enable-lto --enable-plugin --enable-install-libiberty --with-linker-hash-style=gnu --disable-multilib --disable-werror --enable-checking=release
Thread model: posix
gcc version 4.9.1 (GCC) 
configure:2648: $? = 0
configure:2637: gcc -V >&5
gcc: error: unrecognized command line option '-V'
gcc: fatal error: no input files
compilation terminated.
configure:2648: $? = 1
configure:2637: gcc -qversion >&5
gcc: error: unrecognized command line option '-qversion'
gcc: fatal error: no input files
compilation terminated.
configure:2648: $? = 1
configure:2668: checking whether the C compiler works
configure:2690: gcc    conftest.c  >&5
configure:2694: $? = 0
configure:2742: result: yes
configure:2745: checking for C compiler default output file name
configure:2747: result: a.out
configure:2753: checking for suffix of executables
configure:2760: gcc -o conftest    conftest.c  >&5
configure:2764: $? = 0
configure:2786: result: 
configure:2808: checking whether we are cross compiling
configure:2816: gcc -o conftest    conftest.c  >&5
configure:2820: $? = 0
configure:2827: ./conftest
configure:2831: $? = 0
configure:2846: result: no
configure:2851: checking for suffix of object files
configure:2873: gcc -c   conftest.c >&5
configure:2877: $? = 0
configure:2898: result: o
configure:2902: checking whether we are using the GNU C compiler
configure:2921: gcc -c   conftest.c >&5
configure:2921: $? = 0
configure:2930: result: yes
configure:2939: checking whether gcc accepts -g
configure:2959: gcc -c -g  conftest.c >&5
configure:2959: $? = 0
configure:3000: result: yes
configure:3017: checking for gcc option to accept ISO C89
configure:3080: gcc  -c -g -O2  conftest.c >&5
configure:3080: $? = 0
configure:3093: result: none needed
configure:3118: checking whether gcc understands -c and -o together
configure:3140: gcc -c conftest.c -o conftest2.o
configure:3143: $? = 0
configure:3140: gcc -c conftest.c -o conftest2.o
configure:3143: $? = 0
configure:3155: result: yes
configure:3178: checking how to run the C preprocessor
configure:3209: gcc -E  conftest.c
configure:3209: $? = 0
configure:3223: gcc -E  conftest.c
conftest.c:9:28: fatal error: ac_nonexistent.h: No such file or directory
 #include <ac_nonexistent.h>
                            ^
compilation terminated.
configure:3223: $? = 1
configure: failed program was:
| /* confdefs.h */
| #define PACKAGE_NAME "GeoIP"
| #define PACKAGE_TARNAME "GeoIP"
| #define PACKAGE_VERSION "1.6.2"
| #define PACKAGE_STRING "GeoIP 1.6.2"
| #define PACKAGE_BUGREPORT "support@maxmind.com"
| #define PACKAGE_URL ""
| /* end confdefs.h.  */
| #include <ac_nonexistent.h>
configure:3248: result: gcc -E
configure:3268: gcc -E  conftest.c
configure:3268: $? = 0
configure:3282: gcc -E  conftest.c
conftest.c:9:28: fatal error: ac_nonexistent.h: No such file or directory
 #include <ac_nonexistent.h>
                            ^
compilation terminated.
configure:3282: $? = 1
configure: failed program was:
| /* confdefs.h */
| #define PACKAGE_NAME "GeoIP"
| #define PACKAGE_TARNAME "GeoIP"
| #define PACKAGE_VERSION "1.6.2"
| #define PACKAGE_STRING "GeoIP 1.6.2"
| #define PACKAGE_BUGREPORT "support@maxmind.com"
| #define PACKAGE_URL ""
| /* end confdefs.h.  */
| #include <ac_nonexistent.h>
configure:3311: checking for grep that handles long lines and -e
configure:3369: result: /usr/bin/grep
configure:3374: checking for egrep
configure:3436: result: /usr/bin/grep -E
configure:3441: checking for ANSI C header files
configure:3461: gcc -c -g -O2  conftest.c >&5
configure:3461: $? = 0
configure:3534: gcc -o conftest -g -O2   conftest.c  >&5
configure:3534: $? = 0
configure:3534: ./conftest
configure:3534: $? = 0
configure:3545: result: yes
configure:3558: checking for sys/types.h
configure:3558: gcc -c -g -O2  conftest.c >&5
configure:3558: $? = 0
configure:3558: result: yes
configure:3558: checking for sys/stat.h
configure:3558: gcc -c -g -O2  conftest.c >&5
configure:3558: $? = 0
configure:3558: result: yes
configure:3558: checking for stdlib.h
configure:3558: gcc -c -g -O2  conftest.c >&5
configure:3558: $? = 0
configure:3558: result: yes
configure:3558: checking for string.h
configure:3558: gcc -c -g -O2  conftest.c >&5
configure:3558: $? = 0
configure:3558: result: yes
configure:3558: checking for memory.h
configure:3558: gcc -c -g -O2  conftest.c >&5
configure:3558: $? = 0
configure:3558: result: yes
configure:3558: checking for strings.h
configure:3558: gcc -c -g -O2  conftest.c >&5
configure:3558: $? = 0
configure:3558: result: yes
configure:3558: checking for inttypes.h
configure:3558: gcc -c -g -O2  conftest.c >&5
configure:3558: $? = 0
configure:3558: result: yes
configure:3558: checking for stdint.h
configure:3558: gcc -c -g -O2  conftest.c >&5
configure:3558: $? = 0
configure:3558: result: yes
configure:3558: checking for unistd.h
configure:3558: gcc -c -g -O2  conftest.c >&5
configure:3558: $? = 0
configure:3558: result: yes
configure:3571: checking minix/config.h usability
configure:3571: gcc -c -g -O2  conftest.c >&5
conftest.c:52:26: fatal error: minix/config.h: No such file or directory
 #include <minix/config.h>
                          ^
compilation terminated.
configure:3571: $? = 1
configure: failed program was:
| /* confdefs.h */
| #define PACKAGE_NAME "GeoIP"
| #define PACKAGE_TARNAME "GeoIP"
| #define PACKAGE_VERSION "1.6.2"
| #define PACKAGE_STRING "GeoIP 1.6.2"
| #define PACKAGE_BUGREPORT "support@maxmind.com"
| #define PACKAGE_URL ""
| #define STDC_HEADERS 1
| #define HAVE_SYS_TYPES_H 1
| #define HAVE_SYS_STAT_H 1
| #define HAVE_STDLIB_H 1
| #define HAVE_STRING_H 1
| #define HAVE_MEMORY_H 1
| #define HAVE_STRINGS_H 1
| #define HAVE_INTTYPES_H 1
| #define HAVE_STDINT_H 1
| #define HAVE_UNISTD_H 1
| /* end confdefs.h.  */
| #include <stdio.h>
| #ifdef HAVE_SYS_TYPES_H
| # include <sys/types.h>
| #endif
| #ifdef HAVE_SYS_STAT_H
| # include <sys/stat.h>
| #endif
| #ifdef STDC_HEADERS
| # include <stdlib.h>
| # include <stddef.h>
| #else
| # ifdef HAVE_STDLIB_H
| #  include <stdlib.h>
| # endif
| #endif
| #ifdef HAVE_STRING_H
| # if !defined STDC_HEADERS && defined HAVE_MEMORY_H
| #  include <memory.h>
| # endif
| # include <string.h>
| #endif
| #ifdef HAVE_STRINGS_H
| # include <strings.h>
| #endif
| #ifdef HAVE_INTTYPES_H
| # include <inttypes.h>
| #endif
| #ifdef HAVE_STDINT_H
| # include <stdint.h>
| #endif
| #ifdef HAVE_UNISTD_H
| # include <unistd.h>
| #endif
| #include <minix/config.h>
configure:3571: result: no
configure:3571: checking minix/config.h presence
configure:3571: gcc -E  conftest.c
conftest.c:19:26: fatal error: minix/config.h: No such file or directory
 #include <minix/config.h>
                          ^
compilation terminated.
configure:3571: $? = 1
configure: failed program was:
| /* confdefs.h */
| #define PACKAGE_NAME "GeoIP"
| #define PACKAGE_TARNAME "GeoIP"
| #define PACKAGE_VERSION "1.6.2"
| #define PACKAGE_STRING "GeoIP 1.6.2"
| #define PACKAGE_BUGREPORT "support@maxmind.com"
| #define PACKAGE_URL ""
| #define STDC_HEADERS 1
| #define HAVE_SYS_TYPES_H 1
| #define HAVE_SYS_STAT_H 1
| #define HAVE_STDLIB_H 1
| #define HAVE_STRING_H 1
| #define HAVE_MEMORY_H 1
| #define HAVE_STRINGS_H 1
| #define HAVE_INTTYPES_H 1
| #define HAVE_STDINT_H 1
| #define HAVE_UNISTD_H 1
| /* end confdefs.h.  */
| #include <minix/config.h>
configure:3571: result: no
configure:3571: checking for minix/config.h
configure:3571: result: no
configure:3592: checking whether it is safe to define __EXTENSIONS__
configure:3610: gcc -c -g -O2  conftest.c >&5
configure:3610: $? = 0
configure:3617: result: yes
configure:3677: checking for a BSD-compatible install
configure:3745: result: /usr/bin/install -c
configure:3756: checking whether build environment is sane
configure:3811: result: yes
configure:3846: WARNING: 'missing' script is too old or missing
configure:3959: checking for a thread-safe mkdir -p
configure:3998: result: /usr/bin/mkdir -p
configure:4005: checking for gawk
configure:4021: found /usr/bin/gawk
configure:4032: result: gawk
configure:4043: checking whether make sets $(MAKE)
configure:4065: result: yes
configure:4095: checking for style of include used by make
configure:4123: result: GNU
configure:4157: checking whether make supports nested variables
configure:4174: result: yes
configure:4259: checking dependency style of gcc
configure:4370: result: gcc3
configure:4479: checking for gcc
configure:4506: result: gcc
configure:4735: checking for C compiler version
configure:4744: gcc --version >&5
gcc (GCC) 4.9.1
Copyright (C) 2014 Free Software Foundation, Inc.
This is free software; see the source for copying conditions.  There is NO
warranty; not even for MERCHANTABILITY or FITNESS FOR A PARTICULAR PURPOSE.

configure:4755: $? = 0
configure:4744: gcc -v >&5
Using built-in specs.
COLLECT_GCC=gcc
COLLECT_LTO_WRAPPER=/usr/lib/gcc/i686-pc-linux-gnu/4.9.1/lto-wrapper
Target: i686-pc-linux-gnu
Configured with: /build/gcc/src/gcc-4.9.1/configure --prefix=/usr --libdir=/usr/lib --libexecdir=/usr/lib --mandir=/usr/share/man --infodir=/usr/share/info --with-bugurl=https://bugs.archlinux.org/ --enable-languages=c,c++,ada,fortran,go,lto,objc,obj-c++ --enable-shared --enable-threads=posix --with-system-zlib --enable-__cxa_atexit --disable-libunwind-exceptions --enable-clocale=gnu --disable-libstdcxx-pch --disable-libssp --enable-gnu-unique-object --enable-linker-build-id --enable-cloog-backend=isl --disable-isl-version-check --disable-cloog-version-check --enable-lto --enable-plugin --enable-install-libiberty --with-linker-hash-style=gnu --disable-multilib --disable-werror --enable-checking=release
Thread model: posix
gcc version 4.9.1 (GCC) 
configure:4755: $? = 0
configure:4744: gcc -V >&5
gcc: error: unrecognized command line option '-V'
gcc: fatal error: no input files
compilation terminated.
configure:4755: $? = 1
configure:4744: gcc -qversion >&5
gcc: error: unrecognized command line option '-qversion'
gcc: fatal error: no input files
compilation terminated.
configure:4755: $? = 1
configure:4759: checking whether we are using the GNU C compiler
configure:4787: result: yes
configure:4796: checking whether gcc accepts -g
configure:4857: result: yes
configure:4874: checking for gcc option to accept ISO C89
configure:4950: result: none needed
configure:4975: checking whether gcc understands -c and -o together
configure:5012: result: yes
configure:5058: checking build system type
configure:5072: result: i686-pc-linux-gnu
configure:5092: checking host system type
configure:5105: result: i686-pc-linux-gnu
configure:5146: checking how to print strings
configure:5173: result: printf
configure:5194: checking for a sed that does not truncate output
configure:5258: result: /usr/bin/sed
configure:5276: checking for fgrep
configure:5338: result: /usr/bin/grep -F
configure:5373: checking for ld used by gcc
configure:5440: result: /usr/bin/ld
configure:5447: checking if the linker (/usr/bin/ld) is GNU ld
configure:5462: result: yes
configure:5474: checking for BSD- or MS-compatible name lister (nm)
configure:5523: result: /usr/bin/nm -B
configure:5653: checking the name lister (/usr/bin/nm -B) interface
configure:5660: gcc -c -g -O2  conftest.c >&5
configure:5663: /usr/bin/nm -B "conftest.o"
configure:5666: output
00000000 B some_variable
configure:5673: result: BSD nm
configure:5676: checking whether ln -s works
configure:5680: result: yes
configure:5688: checking the maximum length of command line arguments
configure:5819: result: 1572864
configure:5836: checking whether the shell understands some XSI constructs
configure:5846: result: yes
configure:5850: checking whether the shell understands "+="
configure:5856: result: yes
configure:5891: checking how to convert i686-pc-linux-gnu file names to i686-pc-linux-gnu format
configure:5931: result: func_convert_file_noop
configure:5938: checking how to convert i686-pc-linux-gnu file names to toolchain format
configure:5958: result: func_convert_file_noop
configure:5965: checking for /usr/bin/ld option to reload object files
configure:5972: result: -r
configure:6046: checking for objdump
configure:6062: found /usr/bin/objdump
configure:6073: result: objdump
configure:6105: checking how to recognize dependent libraries
configure:6303: result: pass_all
configure:6388: checking for dlltool
configure:6418: result: no
configure:6448: checking how to associate runtime and link libraries
configure:6475: result: printf %s\n
configure:6535: checking for ar
configure:6551: found /usr/bin/ar
configure:6562: result: ar
configure:6599: checking for archiver @FILE support
configure:6616: gcc -c -g -O2  conftest.c >&5
configure:6616: $? = 0
configure:6619: ar cru libconftest.a @conftest.lst >&5
configure:6622: $? = 0
configure:6627: ar cru libconftest.a @conftest.lst >&5
ar: conftest.o: No such file or directory
configure:6630: $? = 1
configure:6642: result: @
configure:6700: checking for strip
configure:6716: found /usr/bin/strip
configure:6727: result: strip
configure:6799: checking for ranlib
configure:6815: found /usr/bin/ranlib
configure:6826: result: ranlib
configure:6928: checking command to parse /usr/bin/nm -B output from gcc object
configure:7048: gcc -c -g -O2  conftest.c >&5
configure:7051: $? = 0
configure:7055: /usr/bin/nm -B conftest.o \| sed -n -e 's/^.*[ ]\([ABCDGIRSTW][ABCDGIRSTW]*\)[ ][ ]*\([_A-Za-z][_A-Za-z0-9]*\)$/\1 \2 \2/p' | sed '/ __gnu_lto/d' \> conftest.nm
configure:7058: $? = 0
configure:7124: gcc -o conftest -g -O2   conftest.c conftstm.o >&5
configure:7127: $? = 0
configure:7165: result: ok
configure:7202: checking for sysroot
configure:7232: result: no
configure:7501: checking for mt
configure:7531: result: no
configure:7551: checking if : is a manifest tool
configure:7557: : '-?'
configure:7565: result: no
configure:8204: checking for dlfcn.h
configure:8204: gcc -c -g -O2  conftest.c >&5
configure:8204: $? = 0
configure:8204: result: yes
configure:8410: checking for objdir
configure:8425: result: .libs
configure:8692: checking if gcc supports -fno-rtti -fno-exceptions
configure:8710: gcc -c -g -O2  -fno-rtti -fno-exceptions conftest.c >&5
cc1: warning: command line option '-fno-rtti' is valid for C++/ObjC++ but not for C
configure:8714: $? = 0
configure:8727: result: no
configure:9054: checking for gcc option to produce PIC
configure:9061: result: -fPIC -DPIC
configure:9069: checking if gcc PIC flag -fPIC -DPIC works
configure:9087: gcc -c -g -O2  -fPIC -DPIC -DPIC conftest.c >&5
configure:9091: $? = 0
configure:9104: result: yes
configure:9133: checking if gcc static flag -static works
configure:9161: result: yes
configure:9176: checking if gcc supports -c -o file.o
configure:9197: gcc -c -g -O2  -o out/conftest2.o conftest.c >&5
configure:9201: $? = 0
configure:9223: result: yes
configure:9231: checking if gcc supports -c -o file.o
configure:9278: result: yes
configure:9311: checking whether the gcc linker (/usr/bin/ld) supports shared libraries
configure:10468: result: yes
configure:10708: checking dynamic linker characteristics
configure:11208: gcc -o conftest -g -O2   -Wl,-rpath -Wl,/foo conftest.c  >&5
configure:11208: $? = 0
configure:11442: result: GNU/Linux ld.so
configure:11549: checking how to hardcode library paths into programs
configure:11574: result: immediate
configure:12114: checking whether stripping libraries is possible
configure:12119: result: yes
configure:12154: checking if libtool supports shared libraries
configure:12156: result: yes
configure:12159: checking whether to build shared libraries
configure:12180: result: no
configure:12183: checking whether to build static libraries
configure:12187: result: yes
configure:12225: checking for byte
configure:12225: gcc -c -g -O2  conftest.c >&5
conftest.c: In function 'main':
conftest.c:64:13: error: 'byte' undeclared (first use in this function)
 if (sizeof (byte))
             ^
conftest.c:64:13: note: each undeclared identifier is reported only once for each function it appears in
configure:12225: $? = 1
configure: failed program was:
| /* confdefs.h */
| #define PACKAGE_NAME "GeoIP"
| #define PACKAGE_TARNAME "GeoIP"
| #define PACKAGE_VERSION "1.6.2"
| #define PACKAGE_STRING "GeoIP 1.6.2"
| #define PACKAGE_BUGREPORT "support@maxmind.com"
| #define PACKAGE_URL ""
| #define STDC_HEADERS 1
| #define HAVE_SYS_TYPES_H 1
| #define HAVE_SYS_STAT_H 1
| #define HAVE_STDLIB_H 1
| #define HAVE_STRING_H 1
| #define HAVE_MEMORY_H 1
| #define HAVE_STRINGS_H 1
| #define HAVE_INTTYPES_H 1
| #define HAVE_STDINT_H 1
| #define HAVE_UNISTD_H 1
| #define __EXTENSIONS__ 1
| #define _ALL_SOURCE 1
| #define _GNU_SOURCE 1
| #define _POSIX_PTHREAD_SEMANTICS 1
| #define _TANDEM_SOURCE 1
| #define PACKAGE "GeoIP"
| #define VERSION "1.6.2"
| #define HAVE_DLFCN_H 1
| #define LT_OBJDIR ".libs/"
| /* end confdefs.h.  */
| #include <stdio.h>
| #ifdef HAVE_SYS_TYPES_H
| # include <sys/types.h>
| #endif
| #ifdef HAVE_SYS_STAT_H
| # include <sys/stat.h>
| #endif
| #ifdef STDC_HEADERS
| # include <stdlib.h>
| # include <stddef.h>
| #else
| # ifdef HAVE_STDLIB_H
| #  include <stdlib.h>
| # endif
| #endif
| #ifdef HAVE_STRING_H
| # if !defined STDC_HEADERS && defined HAVE_MEMORY_H
| #  include <memory.h>
| # endif
| # include <string.h>
| #endif
| #ifdef HAVE_STRINGS_H
| # include <strings.h>
| #endif
| #ifdef HAVE_INTTYPES_H
| # include <inttypes.h>
| #endif
| #ifdef HAVE_STDINT_H
| # include <stdint.h>
| #endif
| #ifdef HAVE_UNISTD_H
| # include <unistd.h>
| #endif
| int
| main ()
| {
| if (sizeof (byte))
| 	 return 0;
|   ;
|   return 0;
| }
configure:12225: result: no
configure:12231: checking for ushort
configure:12231: gcc -c -g -O2  conftest.c >&5
configure:12231: $? = 0
configure:12231: gcc -c -g -O2  conftest.c >&5
conftest.c: In function 'main':
conftest.c:64:21: error: expected expression before ')' token
 if (sizeof ((ushort)))
                     ^
configure:12231: $? = 1
configure: failed program was:
| /* confdefs.h */
| #define PACKAGE_NAME "GeoIP"
| #define PACKAGE_TARNAME "GeoIP"
| #define PACKAGE_VERSION "1.6.2"
| #define PACKAGE_STRING "GeoIP 1.6.2"
| #define PACKAGE_BUGREPORT "support@maxmind.com"
| #define PACKAGE_URL ""
| #define STDC_HEADERS 1
| #define HAVE_SYS_TYPES_H 1
| #define HAVE_SYS_STAT_H 1
| #define HAVE_STDLIB_H 1
| #define HAVE_STRING_H 1
| #define HAVE_MEMORY_H 1
| #define HAVE_STRINGS_H 1
| #define HAVE_INTTYPES_H 1
| #define HAVE_STDINT_H 1
| #define HAVE_UNISTD_H 1
| #define __EXTENSIONS__ 1
| #define _ALL_SOURCE 1
| #define _GNU_SOURCE 1
| #define _POSIX_PTHREAD_SEMANTICS 1
| #define _TANDEM_SOURCE 1
| #define PACKAGE "GeoIP"
| #define VERSION "1.6.2"
| #define HAVE_DLFCN_H 1
| #define LT_OBJDIR ".libs/"
| /* end confdefs.h.  */
| #include <stdio.h>
| #ifdef HAVE_SYS_TYPES_H
| # include <sys/types.h>
| #endif
| #ifdef HAVE_SYS_STAT_H
| # include <sys/stat.h>
| #endif
| #ifdef STDC_HEADERS
| # include <stdlib.h>
| # include <stddef.h>
| #else
| # ifdef HAVE_STDLIB_H
| #  include <stdlib.h>
| # endif
| #endif
| #ifdef HAVE_STRING_H
| # if !defined STDC_HEADERS && defined HAVE_MEMORY_H
| #  include <memory.h>
| # endif
| # include <string.h>
| #endif
| #ifdef HAVE_STRINGS_H
| # include <strings.h>
| #endif
| #ifdef HAVE_INTTYPES_H
| # include <inttypes.h>
| #endif
| #ifdef HAVE_STDINT_H
| # include <stdint.h>
| #endif
| #ifdef HAVE_UNISTD_H
| # include <unistd.h>
| #endif
| int
| main ()
| {
| if (sizeof ((ushort)))
| 	    return 0;
|   ;
|   return 0;
| }
configure:12231: result: yes
configure:12237: checking for ulong
configure:12237: gcc -c -g -O2  conftest.c >&5
configure:12237: $? = 0
configure:12237: gcc -c -g -O2  conftest.c >&5
conftest.c: In function 'main':
conftest.c:65:20: error: expected expression before ')' token
 if (sizeof ((ulong)))
                    ^
configure:12237: $? = 1
configure: failed program was:
| /* confdefs.h */
| #define PACKAGE_NAME "GeoIP"
| #define PACKAGE_TARNAME "GeoIP"
| #define PACKAGE_VERSION "1.6.2"
| #define PACKAGE_STRING "GeoIP 1.6.2"
| #define PACKAGE_BUGREPORT "support@maxmind.com"
| #define PACKAGE_URL ""
| #define STDC_HEADERS 1
| #define HAVE_SYS_TYPES_H 1
| #define HAVE_SYS_STAT_H 1
| #define HAVE_STDLIB_H 1
| #define HAVE_STRING_H 1
| #define HAVE_MEMORY_H 1
| #define HAVE_STRINGS_H 1
| #define HAVE_INTTYPES_H 1
| #define HAVE_STDINT_H 1
| #define HAVE_UNISTD_H 1
| #define __EXTENSIONS__ 1
| #define _ALL_SOURCE 1
| #define _GNU_SOURCE 1
| #define _POSIX_PTHREAD_SEMANTICS 1
| #define _TANDEM_SOURCE 1
| #define PACKAGE "GeoIP"
| #define VERSION "1.6.2"
| #define HAVE_DLFCN_H 1
| #define LT_OBJDIR ".libs/"
| #define HAVE_USHORT_TYPEDEF 1
| /* end confdefs.h.  */
| #include <stdio.h>
| #ifdef HAVE_SYS_TYPES_H
| # include <sys/types.h>
| #endif
| #ifdef HAVE_SYS_STAT_H
| # include <sys/stat.h>
| #endif
| #ifdef STDC_HEADERS
| # include <stdlib.h>
| # include <stddef.h>
| #else
| # ifdef HAVE_STDLIB_H
| #  include <stdlib.h>
| # endif
| #endif
| #ifdef HAVE_STRING_H
| # if !defined STDC_HEADERS && defined HAVE_MEMORY_H
| #  include <memory.h>
| # endif
| # include <string.h>
| #endif
| #ifdef HAVE_STRINGS_H
| # include <strings.h>
| #endif
| #ifdef HAVE_INTTYPES_H
| # include <inttypes.h>
| #endif
| #ifdef HAVE_STDINT_H
| # include <stdint.h>
| #endif
| #ifdef HAVE_UNISTD_H
| # include <unistd.h>
| #endif
| int
| main ()
| {
| if (sizeof ((ulong)))
| 	    return 0;
|   ;
|   return 0;
| }
configure:12237: result: yes
configure:12243: checking for u16
configure:12243: gcc -c -g -O2  conftest.c >&5
conftest.c: In function 'main':
conftest.c:66:13: error: 'u16' undeclared (first use in this function)
 if (sizeof (u16))
             ^
conftest.c:66:13: note: each undeclared identifier is reported only once for each function it appears in
configure:12243: $? = 1
configure: failed program was:
| /* confdefs.h */
| #define PACKAGE_NAME "GeoIP"
| #define PACKAGE_TARNAME "GeoIP"
| #define PACKAGE_VERSION "1.6.2"
| #define PACKAGE_STRING "GeoIP 1.6.2"
| #define PACKAGE_BUGREPORT "support@maxmind.com"
| #define PACKAGE_URL ""
| #define STDC_HEADERS 1
| #define HAVE_SYS_TYPES_H 1
| #define HAVE_SYS_STAT_H 1
| #define HAVE_STDLIB_H 1
| #define HAVE_STRING_H 1
| #define HAVE_MEMORY_H 1
| #define HAVE_STRINGS_H 1
| #define HAVE_INTTYPES_H 1
| #define HAVE_STDINT_H 1
| #define HAVE_UNISTD_H 1
| #define __EXTENSIONS__ 1
| #define _ALL_SOURCE 1
| #define _GNU_SOURCE 1
| #define _POSIX_PTHREAD_SEMANTICS 1
| #define _TANDEM_SOURCE 1
| #define PACKAGE "GeoIP"
| #define VERSION "1.6.2"
| #define HAVE_DLFCN_H 1
| #define LT_OBJDIR ".libs/"
| #define HAVE_USHORT_TYPEDEF 1
| #define HAVE_ULONG_TYPEDEF 1
| /* end confdefs.h.  */
| #include <stdio.h>
| #ifdef HAVE_SYS_TYPES_H
| # include <sys/types.h>
| #endif
| #ifdef HAVE_SYS_STAT_H
| # include <sys/stat.h>
| #endif
| #ifdef STDC_HEADERS
| # include <stdlib.h>
| # include <stddef.h>
| #else
| # ifdef HAVE_STDLIB_H
| #  include <stdlib.h>
| # endif
| #endif
| #ifdef HAVE_STRING_H
| # if !defined STDC_HEADERS && defined HAVE_MEMORY_H
| #  include <memory.h>
| # endif
| # include <string.h>
| #endif
| #ifdef HAVE_STRINGS_H
| # include <strings.h>
| #endif
| #ifdef HAVE_INTTYPES_H
| # include <inttypes.h>
| #endif
| #ifdef HAVE_STDINT_H
| # include <stdint.h>
| #endif
| #ifdef HAVE_UNISTD_H
| # include <unistd.h>
| #endif
| int
| main ()
| {
| if (sizeof (u16))
| 	 return 0;
|   ;
|   return 0;
| }
configure:12243: result: no
configure:12249: checking for u32
configure:12249: gcc -c -g -O2  conftest.c >&5
conftest.c: In function 'main':
conftest.c:66:13: error: 'u32' undeclared (first use in this function)
 if (sizeof (u32))
             ^
conftest.c:66:13: note: each undeclared identifier is reported only once for each function it appears in
configure:12249: $? = 1
configure: failed program was:
| /* confdefs.h */
| #define PACKAGE_NAME "GeoIP"
| #define PACKAGE_TARNAME "GeoIP"
| #define PACKAGE_VERSION "1.6.2"
| #define PACKAGE_STRING "GeoIP 1.6.2"
| #define PACKAGE_BUGREPORT "support@maxmind.com"
| #define PACKAGE_URL ""
| #define STDC_HEADERS 1
| #define HAVE_SYS_TYPES_H 1
| #define HAVE_SYS_STAT_H 1
| #define HAVE_STDLIB_H 1
| #define HAVE_STRING_H 1
| #define HAVE_MEMORY_H 1
| #define HAVE_STRINGS_H 1
| #define HAVE_INTTYPES_H 1
| #define HAVE_STDINT_H 1
| #define HAVE_UNISTD_H 1
| #define __EXTENSIONS__ 1
| #define _ALL_SOURCE 1
| #define _GNU_SOURCE 1
| #define _POSIX_PTHREAD_SEMANTICS 1
| #define _TANDEM_SOURCE 1
| #define PACKAGE "GeoIP"
| #define VERSION "1.6.2"
| #define HAVE_DLFCN_H 1
| #define LT_OBJDIR ".libs/"
| #define HAVE_USHORT_TYPEDEF 1
| #define HAVE_ULONG_TYPEDEF 1
| /* end confdefs.h.  */
| #include <stdio.h>
| #ifdef HAVE_SYS_TYPES_H
| # include <sys/types.h>
| #endif
| #ifdef HAVE_SYS_STAT_H
| # include <sys/stat.h>
| #endif
| #ifdef STDC_HEADERS
| # include <stdlib.h>
| # include <stddef.h>
| #else
| # ifdef HAVE_STDLIB_H
| #  include <stdlib.h>
| # endif
| #endif
| #ifdef HAVE_STRING_H
| # if !defined STDC_HEADERS && defined HAVE_MEMORY_H
| #  include <memory.h>
| # endif
| # include <string.h>
| #endif
| #ifdef HAVE_STRINGS_H
| # include <strings.h>
| #endif
| #ifdef HAVE_INTTYPES_H
| # include <inttypes.h>
| #endif
| #ifdef HAVE_STDINT_H
| # include <stdint.h>
| #endif
| #ifdef HAVE_UNISTD_H
| # include <unistd.h>
| #endif
| int
| main ()
| {
| if (sizeof (u32))
| 	 return 0;
|   ;
|   return 0;
| }
configure:12249: result: no
configure:12256: checking for off_t
configure:12256: gcc -c -g -O2  conftest.c >&5
configure:12256: $? = 0
configure:12256: gcc -c -g -O2  conftest.c >&5
conftest.c: In function 'main':
conftest.c:66:20: error: expected expression before ')' token
 if (sizeof ((off_t)))
                    ^
configure:12256: $? = 1
configure: failed program was:
| /* confdefs.h */
| #define PACKAGE_NAME "GeoIP"
| #define PACKAGE_TARNAME "GeoIP"
| #define PACKAGE_VERSION "1.6.2"
| #define PACKAGE_STRING "GeoIP 1.6.2"
| #define PACKAGE_BUGREPORT "support@maxmind.com"
| #define PACKAGE_URL ""
| #define STDC_HEADERS 1
| #define HAVE_SYS_TYPES_H 1
| #define HAVE_SYS_STAT_H 1
| #define HAVE_STDLIB_H 1
| #define HAVE_STRING_H 1
| #define HAVE_MEMORY_H 1
| #define HAVE_STRINGS_H 1
| #define HAVE_INTTYPES_H 1
| #define HAVE_STDINT_H 1
| #define HAVE_UNISTD_H 1
| #define __EXTENSIONS__ 1
| #define _ALL_SOURCE 1
| #define _GNU_SOURCE 1
| #define _POSIX_PTHREAD_SEMANTICS 1
| #define _TANDEM_SOURCE 1
| #define PACKAGE "GeoIP"
| #define VERSION "1.6.2"
| #define HAVE_DLFCN_H 1
| #define LT_OBJDIR ".libs/"
| #define HAVE_USHORT_TYPEDEF 1
| #define HAVE_ULONG_TYPEDEF 1
| /* end confdefs.h.  */
| #include <stdio.h>
| #ifdef HAVE_SYS_TYPES_H
| # include <sys/types.h>
| #endif
| #ifdef HAVE_SYS_STAT_H
| # include <sys/stat.h>
| #endif
| #ifdef STDC_HEADERS
| # include <stdlib.h>
| # include <stddef.h>
| #else
| # ifdef HAVE_STDLIB_H
| #  include <stdlib.h>
| # endif
| #endif
| #ifdef HAVE_STRING_H
| # if !defined STDC_HEADERS && defined HAVE_MEMORY_H
| #  include <memory.h>
| # endif
| # include <string.h>
| #endif
| #ifdef HAVE_STRINGS_H
| # include <strings.h>
| #endif
| #ifdef HAVE_INTTYPES_H
| # include <inttypes.h>
| #endif
| #ifdef HAVE_STDINT_H
| # include <stdint.h>
| #endif
| #ifdef HAVE_UNISTD_H
| # include <unistd.h>
| #endif
| int
| main ()
| {
| if (sizeof ((off_t)))
| 	    return 0;
|   ;
|   return 0;
| }
configure:12256: result: yes
configure:12267: checking for size_t
configure:12267: gcc -c -g -O2  conftest.c >&5
configure:12267: $? = 0
configure:12267: gcc -c -g -O2  conftest.c >&5
conftest.c: In function 'main':
conftest.c:66:21: error: expected expression before ')' token
 if (sizeof ((size_t)))
                     ^
configure:12267: $? = 1
configure: failed program was:
| /* confdefs.h */
| #define PACKAGE_NAME "GeoIP"
| #define PACKAGE_TARNAME "GeoIP"
| #define PACKAGE_VERSION "1.6.2"
| #define PACKAGE_STRING "GeoIP 1.6.2"
| #define PACKAGE_BUGREPORT "support@maxmind.com"
| #define PACKAGE_URL ""
| #define STDC_HEADERS 1
| #define HAVE_SYS_TYPES_H 1
| #define HAVE_SYS_STAT_H 1
| #define HAVE_STDLIB_H 1
| #define HAVE_STRING_H 1
| #define HAVE_MEMORY_H 1
| #define HAVE_STRINGS_H 1
| #define HAVE_INTTYPES_H 1
| #define HAVE_STDINT_H 1
| #define HAVE_UNISTD_H 1
| #define __EXTENSIONS__ 1
| #define _ALL_SOURCE 1
| #define _GNU_SOURCE 1
| #define _POSIX_PTHREAD_SEMANTICS 1
| #define _TANDEM_SOURCE 1
| #define PACKAGE "GeoIP"
| #define VERSION "1.6.2"
| #define HAVE_DLFCN_H 1
| #define LT_OBJDIR ".libs/"
| #define HAVE_USHORT_TYPEDEF 1
| #define HAVE_ULONG_TYPEDEF 1
| /* end confdefs.h.  */
| #include <stdio.h>
| #ifdef HAVE_SYS_TYPES_H
| # include <sys/types.h>
| #endif
| #ifdef HAVE_SYS_STAT_H
| # include <sys/stat.h>
| #endif
| #ifdef STDC_HEADERS
| # include <stdlib.h>
| # include <stddef.h>
| #else
| # ifdef HAVE_STDLIB_H
| #  include <stdlib.h>
| # endif
| #endif
| #ifdef HAVE_STRING_H
| # if !defined STDC_HEADERS && defined HAVE_MEMORY_H
| #  include <memory.h>
| # endif
| # include <string.h>
| #endif
| #ifdef HAVE_STRINGS_H
| # include <strings.h>
| #endif
| #ifdef HAVE_INTTYPES_H
| # include <inttypes.h>
| #endif
| #ifdef HAVE_STDINT_H
| # include <stdint.h>
| #endif
| #ifdef HAVE_UNISTD_H
| # include <unistd.h>
| #endif
| int
| main ()
| {
| if (sizeof ((size_t)))
| 	    return 0;
|   ;
|   return 0;
| }
configure:12267: result: yes
configure:12278: checking for ssize_t
configure:12278: gcc -c -g -O2  conftest.c >&5
configure:12278: $? = 0
configure:12278: gcc -c -g -O2  conftest.c >&5
conftest.c: In function 'main':
conftest.c:66:22: error: expected expression before ')' token
 if (sizeof ((ssize_t)))
                      ^
configure:12278: $? = 1
configure: failed program was:
| /* confdefs.h */
| #define PACKAGE_NAME "GeoIP"
| #define PACKAGE_TARNAME "GeoIP"
| #define PACKAGE_VERSION "1.6.2"
| #define PACKAGE_STRING "GeoIP 1.6.2"
| #define PACKAGE_BUGREPORT "support@maxmind.com"
| #define PACKAGE_URL ""
| #define STDC_HEADERS 1
| #define HAVE_SYS_TYPES_H 1
| #define HAVE_SYS_STAT_H 1
| #define HAVE_STDLIB_H 1
| #define HAVE_STRING_H 1
| #define HAVE_MEMORY_H 1
| #define HAVE_STRINGS_H 1
| #define HAVE_INTTYPES_H 1
| #define HAVE_STDINT_H 1
| #define HAVE_UNISTD_H 1
| #define __EXTENSIONS__ 1
| #define _ALL_SOURCE 1
| #define _GNU_SOURCE 1
| #define _POSIX_PTHREAD_SEMANTICS 1
| #define _TANDEM_SOURCE 1
| #define PACKAGE "GeoIP"
| #define VERSION "1.6.2"
| #define HAVE_DLFCN_H 1
| #define LT_OBJDIR ".libs/"
| #define HAVE_USHORT_TYPEDEF 1
| #define HAVE_ULONG_TYPEDEF 1
| /* end confdefs.h.  */
| #include <stdio.h>
| #ifdef HAVE_SYS_TYPES_H
| # include <sys/types.h>
| #endif
| #ifdef HAVE_SYS_STAT_H
| # include <sys/stat.h>
| #endif
| #ifdef STDC_HEADERS
| # include <stdlib.h>
| # include <stddef.h>
| #else
| # ifdef HAVE_STDLIB_H
| #  include <stdlib.h>
| # endif
| #endif
| #ifdef HAVE_STRING_H
| # if !defined STDC_HEADERS && defined HAVE_MEMORY_H
| #  include <memory.h>
| # endif
| # include <string.h>
| #endif
| #ifdef HAVE_STRINGS_H
| # include <strings.h>
| #endif
| #ifdef HAVE_INTTYPES_H
| # include <inttypes.h>
| #endif
| #ifdef HAVE_STDINT_H
| # include <stdint.h>
| #endif
| #ifdef HAVE_UNISTD_H
| # include <unistd.h>
| #endif
| int
| main ()
| {
| if (sizeof ((ssize_t)))
| 	    return 0;
|   ;
|   return 0;
| }
configure:12278: result: yes
configure:12289: checking for uint32_t
configure:12289: gcc -c -g -O2  conftest.c >&5
configure:12289: $? = 0
configure:12289: result: yes
configure:12303: checking for uint64_t
configure:12303: gcc -c -g -O2  conftest.c >&5
configure:12303: $? = 0
configure:12303: result: yes
configure:12318: checking whether byte ordering is bigendian
configure:12333: gcc -c -g -O2  conftest.c >&5
conftest.c:31:9: error: unknown type name 'not'
         not a universal capable compiler
         ^
conftest.c:31:15: error: expected '=', ',', ';', 'asm' or '__attribute__' before 'universal'
         not a universal capable compiler
               ^
conftest.c:31:15: error: unknown type name 'universal'
configure:12333: $? = 1
configure: failed program was:
| /* confdefs.h */
| #define PACKAGE_NAME "GeoIP"
| #define PACKAGE_TARNAME "GeoIP"
| #define PACKAGE_VERSION "1.6.2"
| #define PACKAGE_STRING "GeoIP 1.6.2"
| #define PACKAGE_BUGREPORT "support@maxmind.com"
| #define PACKAGE_URL ""
| #define STDC_HEADERS 1
| #define HAVE_SYS_TYPES_H 1
| #define HAVE_SYS_STAT_H 1
| #define HAVE_STDLIB_H 1
| #define HAVE_STRING_H 1
| #define HAVE_MEMORY_H 1
| #define HAVE_STRINGS_H 1
| #define HAVE_INTTYPES_H 1
| #define HAVE_STDINT_H 1
| #define HAVE_UNISTD_H 1
| #define __EXTENSIONS__ 1
| #define _ALL_SOURCE 1
| #define _GNU_SOURCE 1
| #define _POSIX_PTHREAD_SEMANTICS 1
| #define _TANDEM_SOURCE 1
| #define PACKAGE "GeoIP"
| #define VERSION "1.6.2"
| #define HAVE_DLFCN_H 1
| #define LT_OBJDIR ".libs/"
| #define HAVE_USHORT_TYPEDEF 1
| #define HAVE_ULONG_TYPEDEF 1
| /* end confdefs.h.  */
| #ifndef __APPLE_CC__
| 	       not a universal capable compiler
| 	     #endif
| 	     typedef int dummy;
| 
configure:12378: gcc -c -g -O2  conftest.c >&5
configure:12378: $? = 0
configure:12396: gcc -c -g -O2  conftest.c >&5
conftest.c: In function 'main':
conftest.c:37:4: error: unknown type name 'not'
    not big endian
    ^
conftest.c:37:12: error: expected '=', ',', ';', 'asm' or '__attribute__' before 'endian'
    not big endian
            ^
configure:12396: $? = 1
configure: failed program was:
| /* confdefs.h */
| #define PACKAGE_NAME "GeoIP"
| #define PACKAGE_TARNAME "GeoIP"
| #define PACKAGE_VERSION "1.6.2"
| #define PACKAGE_STRING "GeoIP 1.6.2"
| #define PACKAGE_BUGREPORT "support@maxmind.com"
| #define PACKAGE_URL ""
| #define STDC_HEADERS 1
| #define HAVE_SYS_TYPES_H 1
| #define HAVE_SYS_STAT_H 1
| #define HAVE_STDLIB_H 1
| #define HAVE_STRING_H 1
| #define HAVE_MEMORY_H 1
| #define HAVE_STRINGS_H 1
| #define HAVE_INTTYPES_H 1
| #define HAVE_STDINT_H 1
| #define HAVE_UNISTD_H 1
| #define __EXTENSIONS__ 1
| #define _ALL_SOURCE 1
| #define _GNU_SOURCE 1
| #define _POSIX_PTHREAD_SEMANTICS 1
| #define _TANDEM_SOURCE 1
| #define PACKAGE "GeoIP"
| #define VERSION "1.6.2"
| #define HAVE_DLFCN_H 1
| #define LT_OBJDIR ".libs/"
| #define HAVE_USHORT_TYPEDEF 1
| #define HAVE_ULONG_TYPEDEF 1
| /* end confdefs.h.  */
| #include <sys/types.h>
| 		#include <sys/param.h>
| 
| int
| main ()
| {
| #if BYTE_ORDER != BIG_ENDIAN
| 		 not big endian
| 		#endif
| 
|   ;
|   return 0;
| }
configure:12524: result: no
configure:12544: checking for getopt
configure:12544: gcc -o conftest -g -O2   conftest.c  >&5
configure:12544: $? = 0
configure:12544: result: yes
configure:12550: checking for gettimeofday
configure:12550: gcc -o conftest -g -O2   conftest.c  >&5
configure:12550: $? = 0
configure:12550: result: yes
configure:12556: checking for pread
configure:12556: gcc -o conftest -g -O2   conftest.c  >&5
configure:12556: $? = 0
configure:12556: result: yes
configure:12562: checking for vasprintf
configure:12562: gcc -o conftest -g -O2   conftest.c  >&5
configure:12562: $? = 0
configure:12562: result: yes
configure:12568: checking for vsnprintf
configure:12568: gcc -o conftest -g -O2   conftest.c  >&5
conftest.c:58:6: warning: conflicting types for built-in function 'vsnprintf'
 char vsnprintf ();
      ^
configure:12568: $? = 0
configure:12568: result: yes
configure:12574: checking for vsprintf
configure:12574: gcc -o conftest -g -O2   conftest.c  >&5
conftest.c:59:6: warning: conflicting types for built-in function 'vsprintf'
 char vsprintf ();
      ^
configure:12574: $? = 0
configure:12574: result: yes
configure:12581: checking for gethostbyname
configure:12581: gcc -o conftest -g -O2   conftest.c  >&5
configure:12581: $? = 0
configure:12581: result: yes
configure:12631: checking for gethostbyname_r
configure:12631: gcc -o conftest -g -O2   conftest.c  >&5
configure:12631: $? = 0
configure:12631: result: yes
configure:12658: checking for memset
configure:12658: gcc -o conftest -g -O2   conftest.c  >&5
conftest.c:63:6: warning: conflicting types for built-in function 'memset'
 char memset ();
      ^
configure:12658: $? = 0
configure:12658: result: yes
configure:12658: checking for memchr
configure:12658: gcc -o conftest -g -O2   conftest.c  >&5
conftest.c:64:6: warning: conflicting types for built-in function 'memchr'
 char memchr ();
      ^
configure:12658: $? = 0
configure:12658: result: yes
configure:12658: checking for munmap
configure:12658: gcc -o conftest -g -O2   conftest.c  >&5
configure:12658: $? = 0
configure:12658: result: yes
configure:12658: checking for strrchr
configure:12658: gcc -o conftest -g -O2   conftest.c  >&5
conftest.c:66:6: warning: conflicting types for built-in function 'strrchr'
 char strrchr ();
      ^
configure:12658: $? = 0
configure:12658: result: yes
configure:12658: checking for socket
configure:12658: gcc -o conftest -g -O2   conftest.c  >&5
configure:12658: $? = 0
configure:12658: result: yes
configure:12658: checking for strchr
configure:12658: gcc -o conftest -g -O2   conftest.c  >&5
conftest.c:68:6: warning: conflicting types for built-in function 'strchr'
 char strchr ();
      ^
configure:12658: $? = 0
configure:12658: result: yes
configure:12658: checking for strdup
configure:12658: gcc -o conftest -g -O2   conftest.c  >&5
conftest.c:69:6: warning: conflicting types for built-in function 'strdup'
 char strdup ();
      ^
configure:12658: $? = 0
configure:12658: result: yes
configure:12658: checking for strstr
configure:12658: gcc -o conftest -g -O2   conftest.c  >&5
conftest.c:70:6: warning: conflicting types for built-in function 'strstr'
 char strstr ();
      ^
configure:12658: $? = 0
configure:12658: result: yes
configure:12670: checking for stdlib.h
configure:12670: result: yes
configure:12680: checking for GNU libc compatible malloc
configure:12704: gcc -o conftest -g -O2   conftest.c  >&5
configure:12704: $? = 0
configure:12704: ./conftest
configure:12704: $? = 0
configure:12714: result: yes
configure:12737: checking for stdlib.h
configure:12737: result: yes
configure:12747: checking for GNU libc compatible realloc
configure:12771: gcc -o conftest -g -O2   conftest.c  >&5
configure:12771: $? = 0
configure:12771: ./conftest
configure:12771: $? = 0
configure:12781: result: yes
configure:12808: checking for stdlib.h
configure:12808: result: yes
configure:12808: checking for unistd.h
configure:12808: result: yes
configure:12808: checking for sys/param.h
configure:12808: gcc -c -g -O2  conftest.c >&5
configure:12808: $? = 0
configure:12808: result: yes
configure:12828: checking for getpagesize
configure:12828: gcc -o conftest -g -O2   conftest.c  >&5
configure:12828: $? = 0
configure:12828: result: yes
configure:12837: checking for working mmap
configure:12984: gcc -o conftest -g -O2   conftest.c  >&5
configure:12984: $? = 0
configure:12984: ./conftest
configure:12984: $? = 0
configure:12994: result: yes
configure:13162: checking that generated files are newer than configure
configure:13168: result: done
configure:13192: creating ./config.status

## ---------------------- ##
## Running config.status. ##
## ---------------------- ##

This file was extended by GeoIP config.status 1.6.2, which was
generated by GNU Autoconf 2.69.  Invocation command line was

  CONFIG_FILES    = 
  CONFIG_HEADERS  = 
  CONFIG_LINKS    = 
  CONFIG_COMMANDS = 
  $ ./config.status 

on elmendorf

config.status:1015: creating Makefile
config.status:1015: creating GeoIP.spec
config.status:1015: creating geoip.pc
config.status:1015: creating libGeoIP/Makefile
config.status:1015: creating apps/Makefile
config.status:1015: creating man/Makefile
config.status:1015: creating test/Makefile
config.status:1187: executing depfiles commands
config.status:1187: executing libtool commands

## ---------------- ##
## Cache variables. ##
## ---------------- ##

ac_cv_build=i686-pc-linux-gnu
ac_cv_c_bigendian=no
ac_cv_c_compiler_gnu=yes
ac_cv_c_uint32_t=yes
ac_cv_c_uint64_t=yes
ac_cv_env_CC_set=
ac_cv_env_CC_value=
ac_cv_env_CFLAGS_set=
ac_cv_env_CFLAGS_value=
ac_cv_env_CPPFLAGS_set=
ac_cv_env_CPPFLAGS_value=
ac_cv_env_CPP_set=
ac_cv_env_CPP_value=
ac_cv_env_LDFLAGS_set=
ac_cv_env_LDFLAGS_value=
ac_cv_env_LIBS_set=
ac_cv_env_LIBS_value=
ac_cv_env_build_alias_set=
ac_cv_env_build_alias_value=
ac_cv_env_host_alias_set=
ac_cv_env_host_alias_value=
ac_cv_env_target_alias_set=
ac_cv_env_target_alias_value=
ac_cv_func_gethostbyname=yes
ac_cv_func_gethostbyname_r=yes
ac_cv_func_getopt=yes
ac_cv_func_getpagesize=yes
ac_cv_func_gettimeofday=yes
ac_cv_func_malloc_0_nonnull=yes
ac_cv_func_memchr=yes
ac_cv_func_memset=yes
ac_cv_func_mmap_fixed_mapped=yes
ac_cv_func_munmap=yes
ac_cv_func_pread=yes
ac_cv_func_realloc_0_nonnull=yes
ac_cv_func_socket=yes
ac_cv_func_strchr=yes
ac_cv_func_strdup=yes
ac_cv_func_strrchr=yes
ac_cv_func_strstr=yes
ac_cv_func_vasprintf=yes
ac_cv_func_vsnprintf=yes
ac_cv_func_vsprintf=yes
ac_cv_header_dlfcn_h=yes
ac_cv_header_inttypes_h=yes
ac_cv_header_memory_h=yes
ac_cv_header_minix_config_h=no
ac_cv_header_stdc=yes
ac_cv_header_stdint_h=yes
ac_cv_header_stdlib_h=yes
ac_cv_header_string_h=yes
ac_cv_header_strings_h=yes
ac_cv_header_sys_param_h=yes
ac_cv_header_sys_stat_h=yes
ac_cv_header_sys_types_h=yes
ac_cv_header_unistd_h=yes
ac_cv_host=i686-pc-linux-gnu
ac_cv_objext=o
ac_cv_path_EGREP='/usr/bin/grep -E'
ac_cv_path_FGREP='/usr/bin/grep -F'
ac_cv_path_GREP=/usr/bin/grep
ac_cv_path_SED=/usr/bin/sed
ac_cv_path_install='/usr/bin/install -c'
ac_cv_path_mkdir=/usr/bin/mkdir
ac_cv_prog_AWK=gawk
ac_cv_prog_CPP='gcc -E'
ac_cv_prog_ac_ct_AR=ar
ac_cv_prog_ac_ct_CC=gcc
ac_cv_prog_ac_ct_OBJDUMP=objdump
ac_cv_prog_ac_ct_RANLIB=ranlib
ac_cv_prog_ac_ct_STRIP=strip
ac_cv_prog_cc_c89=
ac_cv_prog_cc_g=yes
ac_cv_prog_make_make_set=yes
ac_cv_safe_to_define___extensions__=yes
ac_cv_type_byte=no
ac_cv_type_off_t=yes
ac_cv_type_size_t=yes
ac_cv_type_ssize_t=yes
ac_cv_type_u16=no
ac_cv_type_u32=no
ac_cv_type_ulong=yes
ac_cv_type_ushort=yes
am_cv_CC_dependencies_compiler_type=gcc3
am_cv_make_support_nested_variables=yes
am_cv_prog_cc_c_o=yes
lt_cv_ar_at_file=@
lt_cv_deplibs_check_method=pass_all
lt_cv_file_magic_cmd='$MAGIC_CMD'
lt_cv_file_magic_test_file=
lt_cv_ld_reload_flag=-r
lt_cv_nm_interface='BSD nm'
lt_cv_objdir=.libs
lt_cv_path_LD=/usr/bin/ld
lt_cv_path_NM='/usr/bin/nm -B'
lt_cv_path_mainfest_tool=no
lt_cv_prog_compiler_c_o=yes
lt_cv_prog_compiler_pic='-fPIC -DPIC'
lt_cv_prog_compiler_pic_works=yes
lt_cv_prog_compiler_rtti_exceptions=no
lt_cv_prog_compiler_static_works=yes
lt_cv_prog_gnu_ld=yes
lt_cv_sharedlib_from_linklib_cmd='printf %s\n'
lt_cv_shlibpath_overrides_runpath=no
lt_cv_sys_global_symbol_pipe='sed -n -e '\''s/^.*[	 ]\([ABCDGIRSTW][ABCDGIRSTW]*\)[	 ][	 ]*\([_A-Za-z][_A-Za-z0-9]*\)$/\1 \2 \2/p'\'' | sed '\''/ __gnu_lto/d'\'''
lt_cv_sys_global_symbol_to_c_name_address='sed -n -e '\''s/^: \([^ ]*\)[ ]*$/  {\"\1\", (void *) 0},/p'\'' -e '\''s/^[ABCDGIRSTW]* \([^ ]*\) \([^ ]*\)$/  {"\2", (void *) \&\2},/p'\'''
lt_cv_sys_global_symbol_to_c_name_address_lib_prefix='sed -n -e '\''s/^: \([^ ]*\)[ ]*$/  {\"\1\", (void *) 0},/p'\'' -e '\''s/^[ABCDGIRSTW]* \([^ ]*\) \(lib[^ ]*\)$/  {"\2", (void *) \&\2},/p'\'' -e '\''s/^[ABCDGIRSTW]* \([^ ]*\) \([^ ]*\)$/  {"lib\2", (void *) \&\2},/p'\'''
lt_cv_sys_global_symbol_to_cdecl='sed -n -e '\''s/^T .* \(.*\)$/extern int \1();/p'\'' -e '\''s/^[ABCDGIRSTW]* .* \(.*\)$/extern char \1;/p'\'''
lt_cv_sys_max_cmd_len=1572864
lt_cv_to_host_file_cmd=func_convert_file_noop
lt_cv_to_tool_file_cmd=func_convert_file_noop

## ----------------- ##
## Output variables. ##
## ----------------- ##

ACLOCAL='aclocal-1.14'
AMDEPBACKSLASH='\'
AMDEP_FALSE='#'
AMDEP_TRUE=''
AMTAR='$${TAR-tar}'
AM_BACKSLASH='\'
AM_DEFAULT_V='$(AM_DEFAULT_VERBOSITY)'
AM_DEFAULT_VERBOSITY='1'
AM_V='$(V)'
AR='ar'
AUTOCONF='autoconf'
AUTOHEADER='autoheader'
AUTOMAKE='automake-1.14'
AWK='gawk'
CC='gcc'
CCDEPMODE='depmode=gcc3'
CFLAGS='-g -O2'
CPP='gcc -E'
CPPFLAGS=''
CYGPATH_W='echo'
DEFS='-DPACKAGE_NAME=\"GeoIP\" -DPACKAGE_TARNAME=\"GeoIP\" -DPACKAGE_VERSION=\"1.6.2\" -DPACKAGE_STRING=\"GeoIP\ 1.6.2\" -DPACKAGE_BUGREPORT=\"support@maxmind.com\" -DPACKAGE_URL=\"\" -DSTDC_HEADERS=1 -DHAVE_SYS_TYPES_H=1 -DHAVE_SYS_STAT_H=1 -DHAVE_STDLIB_H=1 -DHAVE_STRING_H=1 -DHAVE_MEMORY_H=1 -DHAVE_STRINGS_H=1 -DHAVE_INTTYPES_H=1 -DHAVE_STDINT_H=1 -DHAVE_UNISTD_H=1 -D__EXTENSIONS__=1 -D_ALL_SOURCE=1 -D_GNU_SOURCE=1 -D_POSIX_PTHREAD_SEMANTICS=1 -D_TANDEM_SOURCE=1 -DPACKAGE=\"GeoIP\" -DVERSION=\"1.6.2\" -DHAVE_DLFCN_H=1 -DLT_OBJDIR=\".libs/\" -DHAVE_USHORT_TYPEDEF=1 -DHAVE_ULONG_TYPEDEF=1 -DLITTLE_ENDIAN_HOST=1 -DHAVE_GETOPT=1 -DHAVE_GETTIMEOFDAY=1 -DHAVE_PREAD=1 -DHAVE_VASPRINTF=1 -DHAVE_VSNPRINTF=1 -DHAVE_VSPRINTF=1 -DHAVE_GETHOSTBYNAME=1 -DHAVE_GETHOSTBYNAME_R=1 -DGETHOSTBYNAME_R_RETURNS_INT=1 -DHAVE_MEMSET=1 -DHAVE_MEMCHR=1 -DHAVE_MUNMAP=1 -DHAVE_STRRCHR=1 -DHAVE_SOCKET=1 -DHAVE_STRCHR=1 -DHAVE_STRDUP=1 -DHAVE_STRSTR=1 -DHAVE_STDLIB_H=1 -DHAVE_MALLOC=1 -DHAVE_STDLIB_H=1 -DHAVE_REALLOC=1 -DHAVE_STDLIB_H=1 -DHAVE_UNISTD_H=1 -DHAVE_SYS_PARAM_H=1 -DHAVE_GETPAGESIZE=1 -DHAVE_MMAP=1'
DEPDIR='.deps'
DLLTOOL='false'
DSYMUTIL=''
DUMPBIN=''
ECHO_C=''
ECHO_N='-n'
ECHO_T=''
EGREP='/usr/bin/grep -E'
EXEEXT=''
FGREP='/usr/bin/grep -F'
GEOIP_DB_FILE='GeoIP.dat'
GEOIP_VERSION_INFO='7:2:6'
GREP='/usr/bin/grep'
INSTALL_DATA='${INSTALL} -m 644'
INSTALL_PROGRAM='${INSTALL}'
INSTALL_SCRIPT='${INSTALL}'
INSTALL_STRIP_PROGRAM='$(install_sh) -c -s'
LD='/usr/bin/ld'
LDFLAGS=''
LIBOBJS=''
LIBS=''
LIBTOOL='$(SHELL) $(top_builddir)/libtool'
LIPO=''
LN_S='ln -s'
LTLIBOBJS=''
MAKEINFO='makeinfo'
MANIFEST_TOOL=':'
MKDIR_P='/usr/bin/mkdir -p'
NM='/usr/bin/nm -B'
NMEDIT=''
OBJDUMP='objdump'
OBJEXT='o'
OTOOL64=''
OTOOL=''
PACKAGE='GeoIP'
PACKAGE_BUGREPORT='support@maxmind.com'
PACKAGE_NAME='GeoIP'
PACKAGE_STRING='GeoIP 1.6.2'
PACKAGE_TARNAME='GeoIP'
PACKAGE_URL=''
PACKAGE_VERSION='1.6.2'
PATH_SEPARATOR=':'
RANLIB='ranlib'
SED='/usr/bin/sed'
SET_MAKE=''
SHELL='/bin/sh'
STRIP='strip'
VERSION='1.6.2'
ac_ct_AR='ar'
ac_ct_CC='gcc'
ac_ct_DUMPBIN=''
am__EXEEXT_FALSE=''
am__EXEEXT_TRUE='#'
am__fastdepCC_FALSE='#'
am__fastdepCC_TRUE=''
am__include='include'
am__isrc=''
am__leading_dot='.'
am__nodep='_no'
am__quote=''
am__tar='$${TAR-tar} chof - "$$tardir"'
am__untar='$${TAR-tar} xf -'
bindir='${exec_prefix}/bin'
build='i686-pc-linux-gnu'
build_alias=''
build_cpu='i686'
build_os='linux-gnu'
build_vendor='pc'
datadir='${datarootdir}'
datarootdir='${prefix}/share'
docdir='${datarootdir}/doc/${PACKAGE_TARNAME}'
dvidir='${docdir}'
exec_prefix='${prefix}'
host='i686-pc-linux-gnu'
host_alias=''
host_cpu='i686'
host_os='linux-gnu'
host_vendor='pc'
htmldir='${docdir}'
includedir='${prefix}/include'
infodir='${datarootdir}/info'
install_sh='${SHELL} /home/ioa/install-sh'
libdir='${exec_prefix}/lib'
libexecdir='${exec_prefix}/libexec'
localedir='${datarootdir}/locale'
localstatedir='${prefix}/var'
mandir='${datarootdir}/man'
mkdir_p='$(MKDIR_P)'
oldincludedir='/usr/include'
pdfdir='${docdir}'
prefix='/usr/local'
program_transform_name='s,x,x,'
psdir='${docdir}'
sbindir='${exec_prefix}/sbin'
sharedstatedir='${prefix}/com'
sysconfdir='${prefix}/etc'
target_alias=''

## ----------- ##
## confdefs.h. ##
## ----------- ##

/* confdefs.h */
#define PACKAGE_NAME "GeoIP"
#define PACKAGE_TARNAME "GeoIP"
#define PACKAGE_VERSION "1.6.2"
#define PACKAGE_STRING "GeoIP 1.6.2"
#define PACKAGE_BUGREPORT "support@maxmind.com"
#define PACKAGE_URL ""
#define STDC_HEADERS 1
#define HAVE_SYS_TYPES_H 1
#define HAVE_SYS_STAT_H 1
#define HAVE_STDLIB_H 1
#define HAVE_STRING_H 1
#define HAVE_MEMORY_H 1
#define HAVE_STRINGS_H 1
#define HAVE_INTTYPES_H 1
#define HAVE_STDINT_H 1
#define HAVE_UNISTD_H 1
#define __EXTENSIONS__ 1
#define _ALL_SOURCE 1
#define _GNU_SOURCE 1
#define _POSIX_PTHREAD_SEMANTICS 1
#define _TANDEM_SOURCE 1
#define PACKAGE "GeoIP"
#define VERSION "1.6.2"
#define HAVE_DLFCN_H 1
#define LT_OBJDIR ".libs/"
#define HAVE_USHORT_TYPEDEF 1
#define HAVE_ULONG_TYPEDEF 1
#define LITTLE_ENDIAN_HOST 1
#define HAVE_GETOPT 1
#define HAVE_GETTIMEOFDAY 1
#define HAVE_PREAD 1
#define HAVE_VASPRINTF 1
#define HAVE_VSNPRINTF 1
#define HAVE_VSPRINTF 1
#define HAVE_GETHOSTBYNAME 1
#define HAVE_GETHOSTBYNAME_R 1
#define GETHOSTBYNAME_R_RETURNS_INT 1
#define HAVE_MEMSET 1
#define HAVE_MEMCHR 1
#define HAVE_MUNMAP 1
#define HAVE_STRRCHR 1
#define HAVE_SOCKET 1
#define HAVE_STRCHR 1
#define HAVE_STRDUP 1
#define HAVE_STRSTR 1
#define HAVE_STDLIB_H 1
#define HAVE_MALLOC 1
#define HAVE_STDLIB_H 1
#define HAVE_REALLOC 1
#define HAVE_STDLIB_H 1
#define HAVE_UNISTD_H 1
#define HAVE_SYS_PARAM_H 1
#define HAVE_GETPAGESIZE 1
#define HAVE_MMAP 1

configure: exit 0
